<?xml version="1.0" encoding="UTF-8"?>
<testsuite xmlns:xsi="http://www.w3.org/2001/XMLSchema-instance" xsi:noNamespaceSchemaLocation="https://maven.apache.org/surefire/maven-surefire-plugin/xsd/surefire-test-report.xsd" name="gameManagement.ScoreManagerTest" time="0" tests="13" errors="0" skipped="0" failures="0">
  <properties>
[...]
</properties>
  <testcase name="twoBowlersOneWithAllStrikesOtherWithNoExtraAttempt" classname="gameManagement.ScoreManagerTest" time="0"/>
  <testcase name="allZeroShouldScoreZero" classname="gameManagement.ScoreManagerTest" time="0"/>
  <testcase name="allStrikesThreePlayerShouldScorePerfectGame" classname="gameManagement.ScoreManagerTest" time="0"/>
  <testcase name="allFoulsShouldScoreZero" classname="gameManagement.ScoreManagerTest" time="0"/>
  <testcase name="allStrikesShouldScorePerfectGame" classname="gameManagement.ScoreManagerTest" time="0"/>
  <testcase name="allFoulsAndSpareShouldScoreOneHundred" classname="gameManagement.ScoreManagerTest" time="0"/>
  <testcase name="allFoulsTwoPlayerShouldScoreZero" classname="gameManagement.ScoreManagerTest" time="0"/>
  <testcase name="bowlerWithAllSparesExceptLastShot" classname="gameManagement.ScoreManagerTest" time="0"/>
  <testcase name="allStrikesTwoPlayerShouldScorePerfectGame" classname="gameManagement.ScoreManagerTest" time="0"/>
  <testcase name="twoBowlersWithAllNonSpareOrStrikeShots" classname="gameManagement.ScoreManagerTest" time="0"/>
  <testcase name="allZeroTwoPlayerShouldScoreZero" classname="gameManagement.ScoreManagerTest" time="0"/>
  <testcase name="bowlerWithAllNonSpareOrStrikeShots" classname="gameManagement.ScoreManagerTest" time="0"/>
  <testcase name="twoBowlersWithAllSpareExceptLastShot" classname="gameManagement.ScoreManagerTest" time="0"/>
</testsuite>